Unable to capture context for thread 10424 in process 1808, can not generate back trace
Exception at PC 0x00007FFE65FEBB93
Printing stacktrace...

[0]  [0x00007FFE65FEBB93]
[1]  [0x00007FFE65FEBB93]
[2]  [0x00007FFE65FEB4A1]
[3]  [0x00007FFE65FEB3EF]
[4]  [0x00007FFE65FD19FE]
[5]  [0x00007FFE65FD0ED1]
[6]  [0x00007FFE65FD0D76]
[7]  [0x00007FFE65F779F6]
[8]  [0x00007FFE65F67AFB]
[9]  [0x00007FFE6608E90A]
[10]  [0x00007FFE660A9F87]
[11]  [0x00007FFE660AA05F]
[12] (BaseThreadInitThunk+0x14) [0x00007FFF09893034]
[13] (RtlUserThreadStart+0x21) [0x00007FFF09BD1471]
Done
Exception at PC 0x00007FFE65CF1A52
Attemped to write at address 0x00007FFEB609ABA4
Printing stacktrace...

[0]  [0x00007FFE65CF1A52]
[1]  [0x00007FFE65CF1A52]
[2]  [0x00007FFE65CF1AD4]
[3]  [0x00007FFE65E33FF7]
[4]  [0x00007FFE65D19128]
[5]  [0x00007FFE65FCDFB9]
[6]  [0x00007FFE6619EF23]
[7]  [0x00007FFE660AB06B]
[8]  [0x00007FFE660A08AF]
[9]  [0x00007FFE660A0A32]
[10] (RtlActivateActivationContextUnsafeFast+0x123) [0x00007FFF09B94063]
[11] (LdrShutdownProcess+0x125) [0x00007FFF09BA0A15]
[12] (RtlExitUserProcess+0xd8) [0x00007FFF09BA08D8]
[13] (FatalExit+0xa) [0x00007FFF0989B19A]
[14] (exit+0x75) [0x00007FFF09199CE5]
[15] (initterm_e+0x235) [0x00007FFF0919A345]
[16]  [0x00000000004014CD]
[17]  [0x000000000040151B]
[18] (BaseThreadInitThunk+0x14) [0x00007FFF09893034]
[19] (RtlUserThreadStart+0x21) [0x00007FFF09BD1471]
Done
