Unable to capture context for thread 15384 in process 15164, can not generate back trace
Unable to capture context for thread 17184 in process 15164, can not generate back trace
Exception at PC 0x00007FFB406DBB93
Printing stacktrace...

[0]  [0x00007FFB406DBB93]
[1]  [0x00007FFB406DBB93]
[2]  [0x00007FFB406DB4A1]
[3]  [0x00007FFB406DB3EF]
[4]  [0x00007FFB406C19FE]
[5]  [0x00007FFB406C0ED1]
[6]  [0x00007FFB406C0D76]
[7]  [0x00007FFB406679F6]
[8]  [0x00007FFB40657AFB]
[9]  [0x00007FFB4077E90A]
[10]  [0x00007FFB40799F87]
[11]  [0x00007FFB4079A05F]
[12] (BaseThreadInitThunk+0x14) [0x00007FFBE7023034]
[13] (RtlUserThreadStart+0x21) [0x00007FFBE7171471]
Done
Exception at PC 0x00007FFB403E1A52
Attemped to write at address 0x00007FFBAAD6ABA4
Printing stacktrace...

[0]  [0x00007FFB403E1A52]
[1]  [0x00007FFB403E1A52]
[2]  [0x00007FFB403E1AD4]
[3]  [0x00007FFB40523FF7]
[4]  [0x00007FFB40409128]
[5]  [0x00007FFB406BDFB9]
[6]  [0x00007FFB4088EF23]
[7]  [0x00007FFB4079B06B]
[8]  [0x00007FFB407908AF]
[9]  [0x00007FFB40790A32]
[10] (RtlActivateActivationContextUnsafeFast+0x123) [0x00007FFBE7134063]
[11] (LdrShutdownProcess+0x125) [0x00007FFBE7140A15]
[12] (RtlExitUserProcess+0xd8) [0x00007FFBE71408D8]
[13] (FatalExit+0xa) [0x00007FFBE702B19A]
[14] (exit+0x75) [0x00007FFBE6FA9CE5]
[15] (initterm_e+0x235) [0x00007FFBE6FAA345]
[16]  [0x00000000004014CD]
[17]  [0x000000000040151B]
[18] (BaseThreadInitThunk+0x14) [0x00007FFBE7023034]
[19] (RtlUserThreadStart+0x21) [0x00007FFBE7171471]
Done
