
*** Running vivado
    with args -log blk_mem_gen_0.vds -m64 -product Vivado -mode batch -messageDb vivado.pb -notrace -source blk_mem_gen_0.tcl


****** Vivado v2017.2 (64-bit)
  **** SW Build 1909853 on Thu Jun 15 18:39:09 MDT 2017
  **** IP Build 1909766 on Thu Jun 15 19:58:00 MDT 2017
    ** Copyright 1986-2017 Xilinx, Inc. All Rights Reserved.

source blk_mem_gen_0.tcl -notrace
Starting RTL Elaboration : Time (s): cpu = 00:00:09 ; elapsed = 00:00:11 . Memory (MB): peak = 343.309 ; gain = 75.703
INFO: [Synth 8-638] synthesizing module 'blk_mem_gen_0' [d:/OneDrive/Documentos/Universidad/DSED/DSED_PROJ/DSED_FINAL.srcs/sources_1/ip/blk_mem_gen_0/synth/blk_mem_gen_0.vhd:70]
INFO: [Synth 8-256] done synthesizing module 'blk_mem_gen_0' (11#1) [d:/OneDrive/Documentos/Universidad/DSED/DSED_PROJ/DSED_FINAL.srcs/sources_1/ip/blk_mem_gen_0/synth/blk_mem_gen_0.vhd:70]
Finished RTL Elaboration : Time (s): cpu = 00:01:44 ; elapsed = 00:01:48 . Memory (MB): peak = 563.781 ; gain = 296.176
Finished RTL Optimization Phase 1 : Time (s): cpu = 00:01:45 ; elapsed = 00:01:49 . Memory (MB): peak = 563.781 ; gain = 296.176
INFO: [Device 21-403] Loading part xc7a100tcsg324-1
Constraint Validation Runtime : Time (s): cpu = 00:00:00 ; elapsed = 00:00:00.277 . Memory (MB): peak = 733.738 ; gain = 0.000
Finished Constraint Validation : Time (s): cpu = 00:01:56 ; elapsed = 00:02:05 . Memory (MB): peak = 733.738 ; gain = 466.133
Finished Loading Part and Timing Information : Time (s): cpu = 00:01:56 ; elapsed = 00:02:06 . Memory (MB): peak = 733.738 ; gain = 466.133
Finished applying 'set_property' XDC Constraints : Time (s): cpu = 00:01:56 ; elapsed = 00:02:06 . Memory (MB): peak = 733.738 ; gain = 466.133
Finished RTL Optimization Phase 2 : Time (s): cpu = 00:01:58 ; elapsed = 00:02:07 . Memory (MB): peak = 733.738 ; gain = 466.133
Finished Cross Boundary and Area Optimization : Time (s): cpu = 00:01:58 ; elapsed = 00:02:08 . Memory (MB): peak = 733.738 ; gain = 466.133
Finished Applying XDC Timing Constraints : Time (s): cpu = 00:02:08 ; elapsed = 00:02:18 . Memory (MB): peak = 733.738 ; gain = 466.133
Finished Timing Optimization : Time (s): cpu = 00:02:08 ; elapsed = 00:02:19 . Memory (MB): peak = 733.738 ; gain = 466.133
Finished Technology Mapping : Time (s): cpu = 00:02:08 ; elapsed = 00:02:19 . Memory (MB): peak = 733.738 ; gain = 466.133
Finished IO Insertion : Time (s): cpu = 00:02:09 ; elapsed = 00:02:20 . Memory (MB): peak = 733.738 ; gain = 466.133
Finished Renaming Generated Instances : Time (s): cpu = 00:02:09 ; elapsed = 00:02:20 . Memory (MB): peak = 733.738 ; gain = 466.133
Finished Rebuilding User Hierarchy : Time (s): cpu = 00:02:09 ; elapsed = 00:02:20 . Memory (MB): peak = 733.738 ; gain = 466.133
Finished Renaming Generated Ports : Time (s): cpu = 00:02:09 ; elapsed = 00:02:20 . Memory (MB): peak = 733.738 ; gain = 466.133
Finished Handling Custom Attributes : Time (s): cpu = 00:02:09 ; elapsed = 00:02:20 . Memory (MB): peak = 733.738 ; gain = 466.133
Finished Renaming Generated Nets : Time (s): cpu = 00:02:09 ; elapsed = 00:02:20 . Memory (MB): peak = 733.738 ; gain = 466.133

Report Cell Usage: 
+------+-----------+------+
|      |Cell       |Count |
+------+-----------+------+
|1     |LUT3       |     3|
|2     |LUT4       |    11|
|3     |LUT6       |    16|
|4     |MUXF7      |     8|
|5     |RAMB36E1   |    64|
|6     |RAMB36E1_1 |    64|
|7     |FDRE       |     6|
+------+-----------+------+
Finished Writing Synthesis Report : Time (s): cpu = 00:02:09 ; elapsed = 00:02:20 . Memory (MB): peak = 733.738 ; gain = 466.133
synth_design: Time (s): cpu = 00:02:13 ; elapsed = 00:02:24 . Memory (MB): peak = 733.738 ; gain = 473.234
