INFO: [VRFC 10-163] Analyzing VHDL file "D:/OneDrive/Documentos/Universidad/DSED/DSED_PROJ/DSED_FINAL.srcs/sources_1/ip/blk_mem_gen_0/blk_mem_gen_0_sim_netlist.vhdl" into library xil_defaultlib
INFO: [VRFC 10-307] analyzing entity blk_mem_gen_0_blk_mem_gen_mux
INFO: [VRFC 10-307] analyzing entity blk_mem_gen_0_blk_mem_gen_prim_wrapper
INFO: [VRFC 10-307] analyzing entity \blk_mem_gen_0_blk_mem_gen_prim_wrapper__parameterized0\
INFO: [VRFC 10-307] analyzing entity \blk_mem_gen_0_blk_mem_gen_prim_wrapper__parameterized1\
INFO: [VRFC 10-307] analyzing entity \blk_mem_gen_0_blk_mem_gen_prim_wrapper__parameterized10\
INFO: [VRFC 10-307] analyzing entity \blk_mem_gen_0_blk_mem_gen_prim_wrapper__parameterized11\
INFO: [VRFC 10-307] analyzing entity \blk_mem_gen_0_blk_mem_gen_prim_wrapper__parameterized12\
INFO: [VRFC 10-307] analyzing entity \blk_mem_gen_0_blk_mem_gen_prim_wrapper__parameterized13\
INFO: [VRFC 10-307] analyzing entity \blk_mem_gen_0_blk_mem_gen_prim_wrapper__parameterized14\
INFO: [VRFC 10-307] analyzing entity \blk_mem_gen_0_blk_mem_gen_prim_wrapper__parameterized15\
INFO: [VRFC 10-307] analyzing entity \blk_mem_gen_0_blk_mem_gen_prim_wrapper__parameterized16\
INFO: [VRFC 10-307] analyzing entity \blk_mem_gen_0_blk_mem_gen_prim_wrapper__parameterized17\
INFO: [VRFC 10-307] analyzing entity \blk_mem_gen_0_blk_mem_gen_prim_wrapper__parameterized18\
INFO: [VRFC 10-307] analyzing entity \blk_mem_gen_0_blk_mem_gen_prim_wrapper__parameterized19\
INFO: [VRFC 10-307] analyzing entity \blk_mem_gen_0_blk_mem_gen_prim_wrapper__parameterized2\
INFO: [VRFC 10-307] analyzing entity \blk_mem_gen_0_blk_mem_gen_prim_wrapper__parameterized20\
INFO: [VRFC 10-307] analyzing entity \blk_mem_gen_0_blk_mem_gen_prim_wrapper__parameterized21\
INFO: [VRFC 10-307] analyzing entity \blk_mem_gen_0_blk_mem_gen_prim_wrapper__parameterized22\
INFO: [VRFC 10-307] analyzing entity \blk_mem_gen_0_blk_mem_gen_prim_wrapper__parameterized23\
INFO: [VRFC 10-307] analyzing entity \blk_mem_gen_0_blk_mem_gen_prim_wrapper__parameterized24\
INFO: [VRFC 10-307] analyzing entity \blk_mem_gen_0_blk_mem_gen_prim_wrapper__parameterized25\
INFO: [VRFC 10-307] analyzing entity \blk_mem_gen_0_blk_mem_gen_prim_wrapper__parameterized26\
INFO: [VRFC 10-307] analyzing entity \blk_mem_gen_0_blk_mem_gen_prim_wrapper__parameterized27\
INFO: [VRFC 10-307] analyzing entity \blk_mem_gen_0_blk_mem_gen_prim_wrapper__parameterized28\
INFO: [VRFC 10-307] analyzing entity \blk_mem_gen_0_blk_mem_gen_prim_wrapper__parameterized29\
INFO: [VRFC 10-307] analyzing entity \blk_mem_gen_0_blk_mem_gen_prim_wrapper__parameterized3\
INFO: [VRFC 10-307] analyzing entity \blk_mem_gen_0_blk_mem_gen_prim_wrapper__parameterized30\
INFO: [VRFC 10-307] analyzing entity \blk_mem_gen_0_blk_mem_gen_prim_wrapper__parameterized31\
INFO: [VRFC 10-307] analyzing entity \blk_mem_gen_0_blk_mem_gen_prim_wrapper__parameterized32\
INFO: [VRFC 10-307] analyzing entity \blk_mem_gen_0_blk_mem_gen_prim_wrapper__parameterized33\
INFO: [VRFC 10-307] analyzing entity \blk_mem_gen_0_blk_mem_gen_prim_wrapper__parameterized34\
INFO: [VRFC 10-307] analyzing entity \blk_mem_gen_0_blk_mem_gen_prim_wrapper__parameterized35\
INFO: [VRFC 10-307] analyzing entity \blk_mem_gen_0_blk_mem_gen_prim_wrapper__parameterized36\
INFO: [VRFC 10-307] analyzing entity \blk_mem_gen_0_blk_mem_gen_prim_wrapper__parameterized37\
INFO: [VRFC 10-307] analyzing entity \blk_mem_gen_0_blk_mem_gen_prim_wrapper__parameterized38\
INFO: [VRFC 10-307] analyzing entity \blk_mem_gen_0_blk_mem_gen_prim_wrapper__parameterized39\
INFO: [VRFC 10-307] analyzing entity \blk_mem_gen_0_blk_mem_gen_prim_wrapper__parameterized4\
INFO: [VRFC 10-307] analyzing entity \blk_mem_gen_0_blk_mem_gen_prim_wrapper__parameterized40\
INFO: [VRFC 10-307] analyzing entity \blk_mem_gen_0_blk_mem_gen_prim_wrapper__parameterized41\
INFO: [VRFC 10-307] analyzing entity \blk_mem_gen_0_blk_mem_gen_prim_wrapper__parameterized42\
INFO: [VRFC 10-307] analyzing entity \blk_mem_gen_0_blk_mem_gen_prim_wrapper__parameterized43\
INFO: [VRFC 10-307] analyzing entity \blk_mem_gen_0_blk_mem_gen_prim_wrapper__parameterized44\
INFO: [VRFC 10-307] analyzing entity \blk_mem_gen_0_blk_mem_gen_prim_wrapper__parameterized45\
INFO: [VRFC 10-307] analyzing entity \blk_mem_gen_0_blk_mem_gen_prim_wrapper__parameterized46\
INFO: [VRFC 10-307] analyzing entity \blk_mem_gen_0_blk_mem_gen_prim_wrapper__parameterized47\
INFO: [VRFC 10-307] analyzing entity \blk_mem_gen_0_blk_mem_gen_prim_wrapper__parameterized48\
INFO: [VRFC 10-307] analyzing entity \blk_mem_gen_0_blk_mem_gen_prim_wrapper__parameterized49\
INFO: [VRFC 10-307] analyzing entity \blk_mem_gen_0_blk_mem_gen_prim_wrapper__parameterized5\
INFO: [VRFC 10-307] analyzing entity \blk_mem_gen_0_blk_mem_gen_prim_wrapper__parameterized50\
INFO: [VRFC 10-307] analyzing entity \blk_mem_gen_0_blk_mem_gen_prim_wrapper__parameterized51\
INFO: [VRFC 10-307] analyzing entity \blk_mem_gen_0_blk_mem_gen_prim_wrapper__parameterized52\
INFO: [VRFC 10-307] analyzing entity \blk_mem_gen_0_blk_mem_gen_prim_wrapper__parameterized53\
INFO: [VRFC 10-307] analyzing entity \blk_mem_gen_0_blk_mem_gen_prim_wrapper__parameterized54\
INFO: [VRFC 10-307] analyzing entity \blk_mem_gen_0_blk_mem_gen_prim_wrapper__parameterized55\
INFO: [VRFC 10-307] analyzing entity \blk_mem_gen_0_blk_mem_gen_prim_wrapper__parameterized56\
INFO: [VRFC 10-307] analyzing entity \blk_mem_gen_0_blk_mem_gen_prim_wrapper__parameterized57\
INFO: [VRFC 10-307] analyzing entity \blk_mem_gen_0_blk_mem_gen_prim_wrapper__parameterized58\
INFO: [VRFC 10-307] analyzing entity \blk_mem_gen_0_blk_mem_gen_prim_wrapper__parameterized59\
INFO: [VRFC 10-307] analyzing entity \blk_mem_gen_0_blk_mem_gen_prim_wrapper__parameterized6\
INFO: [VRFC 10-307] analyzing entity \blk_mem_gen_0_blk_mem_gen_prim_wrapper__parameterized60\
INFO: [VRFC 10-307] analyzing entity \blk_mem_gen_0_blk_mem_gen_prim_wrapper__parameterized61\
INFO: [VRFC 10-307] analyzing entity \blk_mem_gen_0_blk_mem_gen_prim_wrapper__parameterized62\
INFO: [VRFC 10-307] analyzing entity \blk_mem_gen_0_blk_mem_gen_prim_wrapper__parameterized7\
INFO: [VRFC 10-307] analyzing entity \blk_mem_gen_0_blk_mem_gen_prim_wrapper__parameterized8\
INFO: [VRFC 10-307] analyzing entity \blk_mem_gen_0_blk_mem_gen_prim_wrapper__parameterized9\
INFO: [VRFC 10-307] analyzing entity blk_mem_gen_0_blk_mem_gen_prim_width
INFO: [VRFC 10-307] analyzing entity \blk_mem_gen_0_blk_mem_gen_prim_width__parameterized0\
INFO: [VRFC 10-307] analyzing entity \blk_mem_gen_0_blk_mem_gen_prim_width__parameterized1\
INFO: [VRFC 10-307] analyzing entity \blk_mem_gen_0_blk_mem_gen_prim_width__parameterized10\
INFO: [VRFC 10-307] analyzing entity \blk_mem_gen_0_blk_mem_gen_prim_width__parameterized11\
INFO: [VRFC 10-307] analyzing entity \blk_mem_gen_0_blk_mem_gen_prim_width__parameterized12\
INFO: [VRFC 10-307] analyzing entity \blk_mem_gen_0_blk_mem_gen_prim_width__parameterized13\
INFO: [VRFC 10-307] analyzing entity \blk_mem_gen_0_blk_mem_gen_prim_width__parameterized14\
INFO: [VRFC 10-307] analyzing entity \blk_mem_gen_0_blk_mem_gen_prim_width__parameterized15\
INFO: [VRFC 10-307] analyzing entity \blk_mem_gen_0_blk_mem_gen_prim_width__parameterized16\
INFO: [VRFC 10-307] analyzing entity \blk_mem_gen_0_blk_mem_gen_prim_width__parameterized17\
INFO: [VRFC 10-307] analyzing entity \blk_mem_gen_0_blk_mem_gen_prim_width__parameterized18\
INFO: [VRFC 10-307] analyzing entity \blk_mem_gen_0_blk_mem_gen_prim_width__parameterized19\
INFO: [VRFC 10-307] analyzing entity \blk_mem_gen_0_blk_mem_gen_prim_width__parameterized2\
INFO: [VRFC 10-307] analyzing entity \blk_mem_gen_0_blk_mem_gen_prim_width__parameterized20\
INFO: [VRFC 10-307] analyzing entity \blk_mem_gen_0_blk_mem_gen_prim_width__parameterized21\
INFO: [VRFC 10-307] analyzing entity \blk_mem_gen_0_blk_mem_gen_prim_width__parameterized22\
INFO: [VRFC 10-307] analyzing entity \blk_mem_gen_0_blk_mem_gen_prim_width__parameterized23\
INFO: [VRFC 10-307] analyzing entity \blk_mem_gen_0_blk_mem_gen_prim_width__parameterized24\
INFO: [VRFC 10-307] analyzing entity \blk_mem_gen_0_blk_mem_gen_prim_width__parameterized25\
INFO: [VRFC 10-307] analyzing entity \blk_mem_gen_0_blk_mem_gen_prim_width__parameterized26\
INFO: [VRFC 10-307] analyzing entity \blk_mem_gen_0_blk_mem_gen_prim_width__parameterized27\
INFO: [VRFC 10-307] analyzing entity \blk_mem_gen_0_blk_mem_gen_prim_width__parameterized28\
INFO: [VRFC 10-307] analyzing entity \blk_mem_gen_0_blk_mem_gen_prim_width__parameterized29\
INFO: [VRFC 10-307] analyzing entity \blk_mem_gen_0_blk_mem_gen_prim_width__parameterized3\
INFO: [VRFC 10-307] analyzing entity \blk_mem_gen_0_blk_mem_gen_prim_width__parameterized30\
INFO: [VRFC 10-307] analyzing entity \blk_mem_gen_0_blk_mem_gen_prim_width__parameterized31\
INFO: [VRFC 10-307] analyzing entity \blk_mem_gen_0_blk_mem_gen_prim_width__parameterized32\
INFO: [VRFC 10-307] analyzing entity \blk_mem_gen_0_blk_mem_gen_prim_width__parameterized33\
INFO: [VRFC 10-307] analyzing entity \blk_mem_gen_0_blk_mem_gen_prim_width__parameterized34\
INFO: [VRFC 10-307] analyzing entity \blk_mem_gen_0_blk_mem_gen_prim_width__parameterized35\
INFO: [VRFC 10-307] analyzing entity \blk_mem_gen_0_blk_mem_gen_prim_width__parameterized36\
INFO: [VRFC 10-307] analyzing entity \blk_mem_gen_0_blk_mem_gen_prim_width__parameterized37\
INFO: [VRFC 10-307] analyzing entity \blk_mem_gen_0_blk_mem_gen_prim_width__parameterized38\
INFO: [VRFC 10-307] analyzing entity \blk_mem_gen_0_blk_mem_gen_prim_width__parameterized39\
INFO: [VRFC 10-307] analyzing entity \blk_mem_gen_0_blk_mem_gen_prim_width__parameterized4\
INFO: [VRFC 10-307] analyzing entity \blk_mem_gen_0_blk_mem_gen_prim_width__parameterized40\
INFO: [VRFC 10-307] analyzing entity \blk_mem_gen_0_blk_mem_gen_prim_width__parameterized41\
INFO: [VRFC 10-307] analyzing entity \blk_mem_gen_0_blk_mem_gen_prim_width__parameterized42\
INFO: [VRFC 10-307] analyzing entity \blk_mem_gen_0_blk_mem_gen_prim_width__parameterized43\
INFO: [VRFC 10-307] analyzing entity \blk_mem_gen_0_blk_mem_gen_prim_width__parameterized44\
INFO: [VRFC 10-307] analyzing entity \blk_mem_gen_0_blk_mem_gen_prim_width__parameterized45\
INFO: [VRFC 10-307] analyzing entity \blk_mem_gen_0_blk_mem_gen_prim_width__parameterized46\
INFO: [VRFC 10-307] analyzing entity \blk_mem_gen_0_blk_mem_gen_prim_width__parameterized47\
INFO: [VRFC 10-307] analyzing entity \blk_mem_gen_0_blk_mem_gen_prim_width__parameterized48\
INFO: [VRFC 10-307] analyzing entity \blk_mem_gen_0_blk_mem_gen_prim_width__parameterized49\
INFO: [VRFC 10-307] analyzing entity \blk_mem_gen_0_blk_mem_gen_prim_width__parameterized5\
INFO: [VRFC 10-307] analyzing entity \blk_mem_gen_0_blk_mem_gen_prim_width__parameterized50\
INFO: [VRFC 10-307] analyzing entity \blk_mem_gen_0_blk_mem_gen_prim_width__parameterized51\
INFO: [VRFC 10-307] analyzing entity \blk_mem_gen_0_blk_mem_gen_prim_width__parameterized52\
INFO: [VRFC 10-307] analyzing entity \blk_mem_gen_0_blk_mem_gen_prim_width__parameterized53\
INFO: [VRFC 10-307] analyzing entity \blk_mem_gen_0_blk_mem_gen_prim_width__parameterized54\
INFO: [VRFC 10-307] analyzing entity \blk_mem_gen_0_blk_mem_gen_prim_width__parameterized55\
INFO: [VRFC 10-307] analyzing entity \blk_mem_gen_0_blk_mem_gen_prim_width__parameterized56\
INFO: [VRFC 10-307] analyzing entity \blk_mem_gen_0_blk_mem_gen_prim_width__parameterized57\
INFO: [VRFC 10-307] analyzing entity \blk_mem_gen_0_blk_mem_gen_prim_width__parameterized58\
INFO: [VRFC 10-307] analyzing entity \blk_mem_gen_0_blk_mem_gen_prim_width__parameterized59\
INFO: [VRFC 10-307] analyzing entity \blk_mem_gen_0_blk_mem_gen_prim_width__parameterized6\
INFO: [VRFC 10-307] analyzing entity \blk_mem_gen_0_blk_mem_gen_prim_width__parameterized60\
INFO: [VRFC 10-307] analyzing entity \blk_mem_gen_0_blk_mem_gen_prim_width__parameterized61\
INFO: [VRFC 10-307] analyzing entity \blk_mem_gen_0_blk_mem_gen_prim_width__parameterized62\
INFO: [VRFC 10-307] analyzing entity \blk_mem_gen_0_blk_mem_gen_prim_width__parameterized7\
INFO: [VRFC 10-307] analyzing entity \blk_mem_gen_0_blk_mem_gen_prim_width__parameterized8\
INFO: [VRFC 10-307] analyzing entity \blk_mem_gen_0_blk_mem_gen_prim_width__parameterized9\
INFO: [VRFC 10-307] analyzing entity blk_mem_gen_0_blk_mem_gen_generic_cstr
INFO: [VRFC 10-307] analyzing entity blk_mem_gen_0_blk_mem_gen_top
INFO: [VRFC 10-307] analyzing entity blk_mem_gen_0_blk_mem_gen_v8_3_6_synth
INFO: [VRFC 10-307] analyzing entity blk_mem_gen_0_blk_mem_gen_v8_3_6
INFO: [VRFC 10-307] analyzing entity blk_mem_gen_0
INFO: [VRFC 10-163] Analyzing VHDL file "D:/OneDrive/Documentos/Universidad/DSED/DSED_PROJ/DSED_FINAL.srcs/sources_1/ip/clk_12_Meg/clk_12_Meg_sim_netlist.vhdl" into library xil_defaultlib
INFO: [VRFC 10-307] analyzing entity clk_12_Meg_clk_100Mhz_clk_wiz
INFO: [VRFC 10-307] analyzing entity clk_12_Meg
INFO: [VRFC 10-163] Analyzing VHDL file "D:/OneDrive/Documentos/Universidad/DSED/DSED_PROJ/DSED_FINAL.srcs/sources_1/new/package_dsed.vhd" into library xil_defaultlib
INFO: [VRFC 10-163] Analyzing VHDL file "D:/OneDrive/Documentos/Universidad/DSED/DSED_PROJ/DSED_FINAL.srcs/sources_1/new/FIR_Controller.vhd" into library xil_defaultlib
INFO: [VRFC 10-307] analyzing entity FIR_Controller
INFO: [VRFC 10-163] Analyzing VHDL file "D:/OneDrive/Documentos/Universidad/DSED/DSED_PROJ/DSED_FINAL.srcs/sources_1/new/FIR_DataPath.vhd" into library xil_defaultlib
INFO: [VRFC 10-307] analyzing entity FIR_DATAPATH
INFO: [VRFC 10-163] Analyzing VHDL file "D:/OneDrive/Documentos/Universidad/DSED/DSED_PROJ/DSED_FINAL.srcs/sources_1/new/FSMD_microphone.vhd" into library xil_defaultlib
INFO: [VRFC 10-307] analyzing entity FSMD_microphone
INFO: [VRFC 10-163] Analyzing VHDL file "D:/OneDrive/Documentos/Universidad/DSED/DSED_PROJ/DSED_FINAL.srcs/sources_1/new/PWM.vhd" into library xil_defaultlib
INFO: [VRFC 10-307] analyzing entity pwm
INFO: [VRFC 10-163] Analyzing VHDL file "D:/OneDrive/Documentos/Universidad/DSED/DSED_PROJ/DSED_FINAL.srcs/sources_1/new/REG.vhd" into library xil_defaultlib
INFO: [VRFC 10-307] analyzing entity REG
INFO: [VRFC 10-163] Analyzing VHDL file "D:/OneDrive/Documentos/Universidad/DSED/DSED_PROJ/DSED_FINAL.srcs/sources_1/new/Seconds2segments.vhd" into library xil_defaultlib
INFO: [VRFC 10-307] analyzing entity Seconds2segments
INFO: [VRFC 10-163] Analyzing VHDL file "D:/OneDrive/Documentos/Universidad/DSED/DSED_PROJ/DSED_FINAL.srcs/sources_1/new/audio_interface.vhd" into library xil_defaultlib
INFO: [VRFC 10-307] analyzing entity audio_interface
INFO: [VRFC 10-163] Analyzing VHDL file "D:/OneDrive/Documentos/Universidad/DSED/DSED_PROJ/DSED_FINAL.srcs/sources_1/new/controlador.vhd" into library xil_defaultlib
INFO: [VRFC 10-307] analyzing entity controlador
INFO: [VRFC 10-163] Analyzing VHDL file "D:/OneDrive/Documentos/Universidad/DSED/DSED_PROJ/DSED_FINAL.srcs/sources_1/new/decod7s.vhd" into library xil_defaultlib
INFO: [VRFC 10-307] analyzing entity decod7s
INFO: [VRFC 10-163] Analyzing VHDL file "D:/OneDrive/Documentos/Universidad/DSED/DSED_PROJ/DSED_FINAL.srcs/sources_1/new/en_4_clycles.vhd" into library xil_defaultlib
INFO: [VRFC 10-307] analyzing entity en_4_cycles
INFO: [VRFC 10-163] Analyzing VHDL file "D:/OneDrive/Documentos/Universidad/DSED/DSED_PROJ/DSED_FINAL.srcs/sources_1/new/fir_filter.vhd" into library xil_defaultlib
INFO: [VRFC 10-307] analyzing entity fir_filter
INFO: [VRFC 10-163] Analyzing VHDL file "D:/OneDrive/Documentos/Universidad/DSED/DSED_PROJ/DSED_FINAL.srcs/sources_1/new/MUX.vhd" into library xil_defaultlib
INFO: [VRFC 10-307] analyzing entity MUX_8
INFO: [VRFC 10-163] Analyzing VHDL file "D:/OneDrive/Documentos/Universidad/DSED/DSED_PROJ/DSED_FINAL.srcs/sim_1/new/controlador_tb.vhd" into library xil_defaultlib
INFO: [VRFC 10-307] analyzing entity controlador_tb
